0 info it worked if it ends with ok
1 verbose cli [ 'node', '/usr/local/bin/npm', 'update', 'bower' ]
2 info using npm@1.4.14
3 info using node@v0.10.29
4 verbose url raw bower
5 verbose url resolving [ 'https://registry.npmjs.org/', './bower' ]
6 verbose url resolved https://registry.npmjs.org/bower
7 info trying registry request attempt 1 at 17:22:45
8 verbose etag "84IOA8Z7F5VX975KUR9UAGBOB"
9 http GET https://registry.npmjs.org/bower
10 http 200 https://registry.npmjs.org/bower
11 silly registry.get cb [ 200,
11 silly registry.get   { date: 'Mon, 11 Aug 2014 00:22:46 GMT',
11 silly registry.get     server: 'CouchDB/1.5.0 (Erlang OTP/R16B03)',
11 silly registry.get     etag: '"AKIPZ02QT0J52PHS85HMTRJTL"',
11 silly registry.get     'content-type': 'application/json',
11 silly registry.get     'cache-control': 'max-age=60',
11 silly registry.get     'content-length': '98591',
11 silly registry.get     'accept-ranges': 'bytes',
11 silly registry.get     via: '1.1 varnish',
11 silly registry.get     age: '187',
11 silly registry.get     'x-served-by': 'cache-sjc3124-SJC',
11 silly registry.get     'x-cache': 'HIT',
11 silly registry.get     'x-cache-hits': '1',
11 silly registry.get     'x-timer': 'S1407716565.958602,VS0,VE364',
11 silly registry.get     vary: 'Accept',
11 silly registry.get     'keep-alive': 'timeout=10, max=50',
11 silly registry.get     connection: 'Keep-Alive' } ]
12 info outdated updating [ [ '/Users/xiaomeng/Documents/mobile/iFood-app/node_modules/ember-cli',
12 info outdated     'bower',
12 info outdated     '1.3.8',
12 info outdated     '1.3.9',
12 info outdated     '1.3.9',
12 info outdated     '^1.3.5' ] ]
13 verbose install where,what [ '/Users/xiaomeng/Documents/mobile/iFood-app/node_modules/ember-cli',
13 verbose install   [ 'bower@1.3.9' ] ]
14 verbose readDependencies using package.json deps
15 verbose cache add [ 'bower@1.3.9', null ]
16 verbose cache add name=undefined spec="bower@1.3.9" args=["bower@1.3.9",null]
17 verbose parsed url { protocol: null,
17 verbose parsed url   slashes: null,
17 verbose parsed url   auth: null,
17 verbose parsed url   host: null,
17 verbose parsed url   port: null,
17 verbose parsed url   hostname: null,
17 verbose parsed url   hash: null,
17 verbose parsed url   search: null,
17 verbose parsed url   query: null,
17 verbose parsed url   pathname: 'bower@1.3.9',
17 verbose parsed url   path: 'bower@1.3.9',
17 verbose parsed url   href: 'bower@1.3.9' }
18 verbose cache add name="bower" spec="1.3.9" args=["bower","1.3.9"]
19 verbose parsed url { protocol: null,
19 verbose parsed url   slashes: null,
19 verbose parsed url   auth: null,
19 verbose parsed url   host: null,
19 verbose parsed url   port: null,
19 verbose parsed url   hostname: null,
19 verbose parsed url   hash: null,
19 verbose parsed url   search: null,
19 verbose parsed url   query: null,
19 verbose parsed url   pathname: '1.3.9',
19 verbose parsed url   path: '1.3.9',
19 verbose parsed url   href: '1.3.9' }
20 verbose addNamed [ 'bower', '1.3.9' ]
21 verbose addNamed [ '1.3.9', '1.3.9' ]
22 silly lockFile 4c0b32f5-bower-1-3-9 bower@1.3.9
23 verbose lock bower@1.3.9 /Users/xiaomeng/.npm/4c0b32f5-bower-1-3-9.lock
24 verbose registry.get bower not expired, no request
25 silly lockFile 4c0b32f5-bower-1-3-9 bower@1.3.9
26 silly lockFile 4c0b32f5-bower-1-3-9 bower@1.3.9
27 error Error: EACCES, open '/Users/xiaomeng/.npm/bower/1.3.9/package/package.json'
27 error  { [Error: EACCES, open '/Users/xiaomeng/.npm/bower/1.3.9/package/package.json']
27 error   errno: 3,
27 error   code: 'EACCES',
27 error   path: '/Users/xiaomeng/.npm/bower/1.3.9/package/package.json',
27 error   parent: 'ember-cli' }
28 error Please try running this command again as root/Administrator.
29 error System Darwin 13.3.0
30 error command "node" "/usr/local/bin/npm" "update" "bower"
31 error cwd /Users/xiaomeng/Documents/mobile/iFood-app
32 error node -v v0.10.29
33 error npm -v 1.4.14
34 error path /Users/xiaomeng/.npm/bower/1.3.9/package/package.json
35 error code EACCES
36 error errno 3
37 error stack Error: EACCES, open '/Users/xiaomeng/.npm/bower/1.3.9/package/package.json'
38 verbose exit [ 3, true ]
